Starting YOLOv8 training...
Dataset: 2,447 training + 432 validation images
Classes: 23 crop diseases
Duration: ~2000+ hours on CPU (~100 epochs)
------------------------------------------------------------
Ultralytics 8.4.12 🚀 Python-3.11.14 torch-2.10.0+cpu CPU (11th Gen Intel Core i3-1115G4 @ 3.00GHz)
[34m[1mengine/trainer: [0magnostic_nms=False, amp=True, angle=1.0, augment=False, auto_augment=randaugment, batch=8, bgr=0.0, box=7.5, cache=False, cfg=None, classes=None, close_mosaic=10, cls=0.5, compile=False, conf=None, copy_paste=0.0, copy_paste_mode=flip, cos_lr=False, cutmix=0.0, data=data/processed/yolo/data.yaml, degrees=0.0, deterministic=True, device=cpu, dfl=1.5, dnn=False, dropout=0.0, dynamic=False, embed=None, end2end=None, epochs=50, erasing=0.4, exist_ok=False, fliplr=0.5, flipud=0.0, format=torchscript, fraction=1.0, freeze=None, half=False, hsv_h=0.015, hsv_s=0.7, hsv_v=0.4, imgsz=640, int8=False, iou=0.7, keras=False, kobj=1.0, line_width=None, lr0=0.01, lrf=0.01, mask_ratio=4, max_det=300, mixup=0.0, mode=train, model=yolov8n.pt, momentum=0.937, mosaic=1.0, multi_scale=0.0, name=cropguard_yolo_v14, nbs=64, nms=False, opset=None, optimize=False, optimizer=auto, overlap_mask=True, patience=20, perspective=0.0, plots=True, pose=12.0, pretrained=True, profile=False, project=runs/detect, rect=False, resume=False, retina_masks=False, rle=1.0, save=True, save_conf=False, save_crop=False, save_dir=/home/harsh/xai-cropguard/runs/detect/runs/detect/cropguard_yolo_v14, save_frames=False, save_json=False, save_period=-1, save_txt=False, scale=0.5, seed=0, shear=0.0, show=False, show_boxes=True, show_conf=True, show_labels=True, simplify=True, single_cls=False, source=None, split=val, stream_buffer=False, task=detect, time=None, tracker=botsort.yaml, translate=0.1, val=True, verbose=True, vid_stride=1, visualize=False, warmup_bias_lr=0.1, warmup_epochs=3.0, warmup_momentum=0.8, weight_decay=0.0005, workers=8, workspace=None
Overriding model.yaml nc=80 with nc=23

                   from  n    params  module                                       arguments                     
  0                  -1  1       464  ultralytics.nn.modules.conv.Conv             [3, 16, 3, 2]                 
  1                  -1  1      4672  ultralytics.nn.modules.conv.Conv             [16, 32, 3, 2]                
  2                  -1  1      7360  ultralytics.nn.modules.block.C2f             [32, 32, 1, True]             
  3                  -1  1     18560  ultralytics.nn.modules.conv.Conv             [32, 64, 3, 2]                
  4                  -1  2     49664  ultralytics.nn.modules.block.C2f             [64, 64, 2, True]             
  5                  -1  1     73984  ultralytics.nn.modules.conv.Conv             [64, 128, 3, 2]               
  6                  -1  2    197632  ultralytics.nn.modules.block.C2f             [128, 128, 2, True]           
  7                  -1  1    295424  ultralytics.nn.modules.conv.Conv             [128, 256, 3, 2]              
  8                  -1  1    460288  ultralytics.nn.modules.block.C2f             [256, 256, 1, True]           
  9                  -1  1    164608  ultralytics.nn.modules.block.SPPF            [256, 256, 5]                 
 10                  -1  1         0  torch.nn.modules.upsampling.Upsample         [None, 2, 'nearest']          
 11             [-1, 6]  1         0  ultralytics.nn.modules.conv.Concat           [1]                           
 12                  -1  1    148224  ultralytics.nn.modules.block.C2f             [384, 128, 1]                 
 13                  -1  1         0  torch.nn.modules.upsampling.Upsample         [None, 2, 'nearest']          
 14             [-1, 4]  1         0  ultralytics.nn.modules.conv.Concat           [1]                           
 15                  -1  1     37248  ultralytics.nn.modules.block.C2f             [192, 64, 1]                  
 16                  -1  1     36992  ultralytics.nn.modules.conv.Conv             [64, 64, 3, 2]                
 17            [-1, 12]  1         0  ultralytics.nn.modules.conv.Concat           [1]                           
 18                  -1  1    123648  ultralytics.nn.modules.block.C2f             [192, 128, 1]                 
 19                  -1  1    147712  ultralytics.nn.modules.conv.Conv             [128, 128, 3, 2]              
 20             [-1, 9]  1         0  ultralytics.nn.modules.conv.Concat           [1]                           
 21                  -1  1    493056  ultralytics.nn.modules.block.C2f             [384, 256, 1]                 
 22        [15, 18, 21]  1    755797  ultralytics.nn.modules.head.Detect           [23, 16, None, [64, 128, 256]]
Model summary: 130 layers, 3,015,333 parameters, 3,015,317 gradients, 8.2 GFLOPs

Transferred 319/355 items from pretrained weights
Freezing layer 'model.22.dfl.conv.weight'
[34m[1mtrain: [0mFast image access ✅ (ping: 0.0±0.0 ms, read: 5063.4±1767.3 MB/s, size: 1522.2 KB)
[K[34m[1mtrain: [0mScanning /home/harsh/xai-cropguard/data/processed/yolo/train/labels.cache... 2446 images, 0 backgrounds, 1 corrupt: 100% ━━━━━━━━━━━━ 2447/2447 427.6Mit/s 0.0s
[34m[1mtrain: [0m/home/harsh/xai-cropguard/data/processed/yolo/train/images/id_t9ueug.jpg: ignoring corrupt image/label: cannot identify image file '/home/harsh/xai-cropguard/data/processed/yolo/train/images/id_t9ueug.jpg'
[34m[1mval: [0mFast image access ✅ (ping: 0.0±0.0 ms, read: 6390.0±2087.0 MB/s, size: 1891.1 KB)
[K[34m[1mval: [0mScanning /home/harsh/xai-cropguard/data/processed/yolo/val/labels.cache... 432 images, 0 backgrounds, 0 corrupt: 100% ━━━━━━━━━━━━ 432/432 100.7Mit/s 0.0s
Plotting labels to /home/harsh/xai-cropguard/runs/detect/runs/detect/cropguard_yolo_v14/labels.jpg... 
WARNING ⚠️ __array_wrap__() argument 1 must be numpy.ndarray, not numpy.ndarray
[34m[1moptimizer:[0m 'optimizer=auto' found, ignoring 'lr0=0.01' and 'momentum=0.937' and determining best 'optimizer', 'lr0' and 'momentum' automatically... 
[34m[1moptimizer:[0m AdamW(lr=0.00037, momentum=0.9) with parameter groups 57 weight(decay=0.0), 64 weight(decay=0.0005), 63 bias(decay=0.0)
Image sizes 640 train, 640 val
Using 0 dataloader workers
Logging results to [1m/home/harsh/xai-cropguard/runs/detect/runs/detect/cropguard_yolo_v14[0m
Starting training for 50 epochs...

      Epoch    GPU_mem   box_loss   cls_loss   dfl_loss  Instances       Size
Starting YOLOv8 training...
Dataset: 2,447 training + 432 validation images
Classes: 23 crop diseases
Duration: ~2000+ hours on CPU (~100 epochs)
------------------------------------------------------------
Ultralytics 8.4.12 🚀 Python-3.11.14 torch-2.10.0+cpu CPU (11th Gen Intel Core i3-1115G4 @ 3.00GHz)
[34m[1mengine/trainer: [0magnostic_nms=False, amp=True, angle=1.0, augment=False, auto_augment=randaugment, batch=8, bgr=0.0, box=7.5, cache=False, cfg=None, classes=None, close_mosaic=10, cls=0.5, compile=False, conf=None, copy_paste=0.0, copy_paste_mode=flip, cos_lr=False, cutmix=0.0, data=data/processed/yolo/data.yaml, degrees=0.0, deterministic=True, device=cpu, dfl=1.5, dnn=False, dropout=0.0, dynamic=False, embed=None, end2end=None, epochs=50, erasing=0.4, exist_ok=False, fliplr=0.5, flipud=0.0, format=torchscript, fraction=1.0, freeze=None, half=False, hsv_h=0.015, hsv_s=0.7, hsv_v=0.4, imgsz=640, int8=False, iou=0.7, keras=False, kobj=1.0, line_width=None, lr0=0.01, lrf=0.01, mask_ratio=4, max_det=300, mixup=0.0, mode=train, model=yolov8n.pt, momentum=0.937, mosaic=1.0, multi_scale=0.0, name=cropguard_yolo_v15, nbs=64, nms=False, opset=None, optimize=False, optimizer=auto, overlap_mask=True, patience=20, perspective=0.0, plots=True, pose=12.0, pretrained=True, profile=False, project=runs/detect, rect=False, resume=False, retina_masks=False, rle=1.0, save=True, save_conf=False, save_crop=False, save_dir=/home/harsh/xai-cropguard/runs/detect/runs/detect/cropguard_yolo_v15, save_frames=False, save_json=False, save_period=-1, save_txt=False, scale=0.5, seed=0, shear=0.0, show=False, show_boxes=True, show_conf=True, show_labels=True, simplify=True, single_cls=False, source=None, split=val, stream_buffer=False, task=detect, time=None, tracker=botsort.yaml, translate=0.1, val=True, verbose=True, vid_stride=1, visualize=False, warmup_bias_lr=0.1, warmup_epochs=3.0, warmup_momentum=0.8, weight_decay=0.0005, workers=8, workspace=None
Overriding model.yaml nc=80 with nc=23

                   from  n    params  module                                       arguments                     
  0                  -1  1       464  ultralytics.nn.modules.conv.Conv             [3, 16, 3, 2]                 
  1                  -1  1      4672  ultralytics.nn.modules.conv.Conv             [16, 32, 3, 2]                
  2                  -1  1      7360  ultralytics.nn.modules.block.C2f             [32, 32, 1, True]             
  3                  -1  1     18560  ultralytics.nn.modules.conv.Conv             [32, 64, 3, 2]                
  4                  -1  2     49664  ultralytics.nn.modules.block.C2f             [64, 64, 2, True]             
  5                  -1  1     73984  ultralytics.nn.modules.conv.Conv             [64, 128, 3, 2]               
  6                  -1  2    197632  ultralytics.nn.modules.block.C2f             [128, 128, 2, True]           
  7                  -1  1    295424  ultralytics.nn.modules.conv.Conv             [128, 256, 3, 2]              
  8                  -1  1    460288  ultralytics.nn.modules.block.C2f             [256, 256, 1, True]           
  9                  -1  1    164608  ultralytics.nn.modules.block.SPPF            [256, 256, 5]                 
 10                  -1  1         0  torch.nn.modules.upsampling.Upsample         [None, 2, 'nearest']          
 11             [-1, 6]  1         0  ultralytics.nn.modules.conv.Concat           [1]                           
 12                  -1  1    148224  ultralytics.nn.modules.block.C2f             [384, 128, 1]                 
 13                  -1  1         0  torch.nn.modules.upsampling.Upsample         [None, 2, 'nearest']          
 14             [-1, 4]  1         0  ultralytics.nn.modules.conv.Concat           [1]                           
 15                  -1  1     37248  ultralytics.nn.modules.block.C2f             [192, 64, 1]                  
 16                  -1  1     36992  ultralytics.nn.modules.conv.Conv             [64, 64, 3, 2]                
 17            [-1, 12]  1         0  ultralytics.nn.modules.conv.Concat           [1]                           
 18                  -1  1    123648  ultralytics.nn.modules.block.C2f             [192, 128, 1]                 
 19                  -1  1    147712  ultralytics.nn.modules.conv.Conv             [128, 128, 3, 2]              
 20             [-1, 9]  1         0  ultralytics.nn.modules.conv.Concat           [1]                           
 21                  -1  1    493056  ultralytics.nn.modules.block.C2f             [384, 256, 1]                 
 22        [15, 18, 21]  1    755797  ultralytics.nn.modules.head.Detect           [23, 16, None, [64, 128, 256]]
Model summary: 130 layers, 3,015,333 parameters, 3,015,317 gradients, 8.2 GFLOPs

Transferred 319/355 items from pretrained weights
Freezing layer 'model.22.dfl.conv.weight'
[34m[1mtrain: [0mFast image access ✅ (ping: 0.0±0.0 ms, read: 1790.0±2349.8 MB/s, size: 1490.4 KB)
[K[34m[1mtrain: [0mScanning /home/harsh/xai-cropguard/data/processed/yolo/train/labels... 118 images, 0 backgrounds, 1 corrupt: 5% ╸─────────── 119/2447 355.7it/s 0.1s<6.5s[K[34m[1mtrain: [0mScanning /home/harsh/xai-cropguard/data/processed/yolo/train/labels... 331 images, 0 backgrounds, 1 corrupt: 14% ━╸────────── 332/2447 883.0it/s 0.2s<2.4s[K[34m[1mtrain: [0mScanning /home/harsh/xai-cropguard/data/processed/yolo/train/labels... 566 images, 0 backgrounds, 1 corrupt: 23% ━━╸───────── 567/2447 1.3Kit/s 0.3s<1.4s[K[34m[1mtrain: [0mScanning /home/harsh/xai-cropguard/data/processed/yolo/train/labels... 769 images, 0 backgrounds, 1 corrupt: 31% ━━━╸──────── 770/2447 1.5Kit/s 0.4s<1.1s[K[34m[1mtrain: [0mScanning /home/harsh/xai-cropguard/data/processed/yolo/train/labels... 943 images, 0 backgrounds, 1 corrupt: 39% ━━━━╸─────── 944/2447 1.6Kit/s 0.5s<0.9s[K[34m[1mtrain: [0mScanning /home/harsh/xai-cropguard/data/processed/yolo/train/labels... 1154 images, 0 backgrounds, 1 corrupt: 47% ━━━━━╸────── 1155/2447 1.7Kit/s 0.6s<0.7s[K[34m[1mtrain: [0mScanning /home/harsh/xai-cropguard/data/processed/yolo/train/labels... 1374 images, 0 backgrounds, 1 corrupt: 56% ━━━━━━╸───── 1375/2447 1.9Kit/s 0.7s<0.6s[K[34m[1mtrain: [0mScanning /home/harsh/xai-cropguard/data/processed/yolo/train/labels... 1587 images, 0 backgrounds, 1 corrupt: 65% ━━━━━━━╸──── 1588/2447 2.0Kit/s 0.8s<0.4s[K[34m[1mtrain: [0mScanning /home/harsh/xai-cropguard/data/processed/yolo/train/labels... 1815 images, 0 backgrounds, 1 corrupt: 74% ━━━━━━━━╸─── 1816/2447 2.0Kit/s 0.9s<0.3s[K[34m[1mtrain: [0mScanning /home/harsh/xai-cropguard/data/processed/yolo/train/labels... 2008 images, 0 backgrounds, 1 corrupt: 82% ━━━━━━━━━╸── 2009/2447 2.0Kit/s 1.0s<0.2s[K[34m[1mtrain: [0mScanning /home/harsh/xai-cropguard/data/processed/yolo/train/labels... 2191 images, 0 backgrounds, 1 corrupt: 90% ━━━━━━━━━━╸─ 2192/2447 1.9Kit/s 1.1s<0.1s[K[34m[1mtrain: [0mScanning /home/harsh/xai-cropguard/data/processed/yolo/train/labels... 2387 images, 0 backgrounds, 1 corrupt: 98% ━━━━━━━━━━━╸ 2388/2447 1.9Kit/s 1.2s<0.0s[K[34m[1mtrain: [0mScanning /home/harsh/xai-cropguard/data/processed/yolo/train/labels... 2446 images, 0 backgrounds, 1 corrupt: 100% ━━━━━━━━━━━━ 2447/2447 2.0Kit/s 1.2s
[34m[1mtrain: [0m/home/harsh/xai-cropguard/data/processed/yolo/train/images/_corrupt_id_t9ueug.jpg: ignoring corrupt image/label: cannot identify image file '/home/harsh/xai-cropguard/data/processed/yolo/train/images/_corrupt_id_t9ueug.jpg'
[34m[1mtrain: [0mNew cache created: /home/harsh/xai-cropguard/data/processed/yolo/train/labels.cache
[34m[1mval: [0mFast image access ✅ (ping: 0.0±0.0 ms, read: 5894.1±1946.8 MB/s, size: 1891.1 KB)
[K[34m[1mval: [0mScanning /home/harsh/xai-cropguard/data/processed/yolo/val/labels.cache... 432 images, 0 backgrounds, 0 corrupt: 100% ━━━━━━━━━━━━ 432/432 64.7Mit/s 0.0s
Plotting labels to /home/harsh/xai-cropguard/runs/detect/runs/detect/cropguard_yolo_v15/labels.jpg... 
WARNING ⚠️ __array_wrap__() argument 1 must be numpy.ndarray, not numpy.ndarray
[34m[1moptimizer:[0m 'optimizer=auto' found, ignoring 'lr0=0.01' and 'momentum=0.937' and determining best 'optimizer', 'lr0' and 'momentum' automatically... 
[34m[1moptimizer:[0m AdamW(lr=0.00037, momentum=0.9) with parameter groups 57 weight(decay=0.0), 64 weight(decay=0.0005), 63 bias(decay=0.0)
Image sizes 640 train, 640 val
Using 0 dataloader workers
Logging results to [1m/home/harsh/xai-cropguard/runs/detect/runs/detect/cropguard_yolo_v15[0m
Starting training for 50 epochs...

      Epoch    GPU_mem   box_loss   cls_loss   dfl_loss  Instances       Size
